<?xml version="1.0" encoding="UTF-8"?>
<!-- Generated by org.testng.reporters.JUnitReportReporter -->
<testsuite skipped="0" hostname="SaniketLaptop" name="Demo2_POST_Request" tests="1" failures="0" timestamp="2020-08-22T18:55:31 IST" time="5.965" errors="0">
  <testcase name="CreateUser" time="5.965" classname="Demo2_POST_Request"/>
  <system-out/>
</testsuite> <!-- Demo2_POST_Request -->
