<?xml version="1.0" encoding="UTF-8"?>
<!-- Generated by org.testng.reporters.JUnitReportReporter -->
<testsuite skipped="0" hostname="SaniketLaptop" name="Demo5_GET_Request_ValidateBody" tests="1" failures="0" timestamp="2020-07-11T15:19:20 IST" time="2.899" errors="0">
  <testcase name="ValidateBody" time="2.899" classname="Demo5_GET_Request_ValidateBody"/>
  <system-out/>
</testsuite> <!-- Demo5_GET_Request_ValidateBody -->
