<?xml version="1.0" encoding="UTF-8"?>
<!-- Generated by org.testng.reporters.JUnitReportReporter -->
<testsuite skipped="0" hostname="SaniketLaptop" name="Demo3_GET_Request_GoogleMap" tests="1" failures="0" timestamp="2020-08-22T20:08:40 IST" time="3.282" errors="0">
  <testcase name="GoogleMapTest" time="3.282" classname="Demo3_GET_Request_GoogleMap"/>
  <system-out/>
</testsuite> <!-- Demo3_GET_Request_GoogleMap -->
