<?xml version="1.0" encoding="UTF-8"?>
<!-- Generated by org.testng.reporters.JUnitReportReporter -->
<testsuite skipped="0" hostname="SaniketLaptop" name="Demo4_GET_Request_PrintAllHeader" tests="1" failures="0" timestamp="2020-07-12T12:14:18 IST" time="3.074" errors="0">
  <testcase name="PrintAllHeader" time="3.074" classname="Demo4_GET_Request_PrintAllHeader"/>
  <system-out/>
</testsuite> <!-- Demo4_GET_Request_PrintAllHeader -->
