<?xml version="1.0" encoding="UTF-8"?>
<!-- Generated by org.testng.reporters.JUnitReportReporter -->
<testsuite skipped="1" hostname="SaniketLaptop" name="DataDriven.Demo1_DataDriven" tests="1" failures="0" timestamp="2020-07-13T17:47:27 IST" time="0.000" errors="0">
  <testcase name="PostDataDriven" time="0.000" classname="DataDriven.Demo1_DataDriven">
    <skipped/>
  </testcase> <!-- PostDataDriven -->
  <system-out/>
</testsuite> <!-- DataDriven.Demo1_DataDriven -->
