<?xml version="1.0" encoding="UTF-8"?>
<!-- Generated by org.testng.reporters.JUnitReportReporter -->
<testsuite skipped="0" hostname="SaniketLaptop" name="Demo1_GET_Request" tests="1" failures="0" timestamp="2020-08-22T18:58:18 IST" time="3.221" errors="0">
  <testcase name="UnkownListDetails" time="3.221" classname="Demo1_GET_Request"/>
  <system-out/>
</testsuite> <!-- Demo1_GET_Request -->
