<?xml version="1.0" encoding="UTF-8"?>
<!-- Generated by org.testng.reporters.JUnitReportReporter -->
<testsuite skipped="0" hostname="SaniketLaptop" name="Demo7_POST_Request_AddMember" tests="1" failures="0" timestamp="2020-07-12T12:11:11 IST" time="3.869" errors="0">
  <testcase name="AddMember" time="3.869" classname="Demo7_POST_Request_AddMember"/>
  <system-out/>
</testsuite> <!-- Demo7_POST_Request_AddMember -->
