<?xml version="1.0" encoding="UTF-8"?>
<!-- Generated by org.testng.reporters.JUnitReportReporter -->
<testsuite skipped="0" hostname="SaniketLaptop" name="Demo6_GET_PrintAllValues" tests="1" failures="0" timestamp="2020-07-11T23:17:54 IST" time="4.317" errors="0">
  <testcase name="PrintValues" time="4.317" classname="Demo6_GET_PrintAllValues"/>
  <system-out/>
</testsuite> <!-- Demo6_GET_PrintAllValues -->
